[2018-11-26 09:11:43] local.ERROR: PDOException: SQLSTATE[HY000]: General error: 1 table posts has no column named s in F:\wwwroot\tie.com\tie\vendor\laravel\framework\src\Illuminate\Database\Connection.php:390
Stack trace:
#0 F:\wwwroot\tie.com\tie\vendor\laravel\framework\src\Illuminate\Database\Connection.php(390): PDO->prepare('insert into "po...')
#1 F:\wwwroot\tie.com\tie\vendor\laravel\framework\src\Illuminate\Database\Connection.php(659): Illuminate\Database\Connection->Illuminate\Database\{closure}(Object(Illuminate\Database\SQLiteConnection), 'insert into "po...', Array)
#2 F:\wwwroot\tie.com\tie\vendor\laravel\framework\src\Illuminate\Database\Connection.php(622): Illuminate\Database\Connection->runQueryCallback('insert into "po...', Array, Object(Closure))
#3 F:\wwwroot\tie.com\tie\vendor\laravel\framework\src\Illuminate\Database\Connection.php(391): Illuminate\Database\Connection->run('insert into "po...', Array, Object(Closure))
#4 F:\wwwroot\tie.com\tie\vendor\laravel\framework\src\Illuminate\Database\Connection.php(347): Illuminate\Database\Connection->statement('insert into "po...', Array)
#5 F:\wwwroot\tie.com\tie\vendor\laravel\framework\src\Illuminate\Database\Query\Processors\Processor.php(32): Illuminate\Database\Connection->insert('insert into "po...', Array)
#6 F:\wwwroot\tie.com\tie\vendor\laravel\framework\src\Illuminate\Database\Query\Builder.php(1843): Illuminate\Database\Query\Processors\Processor->processInsertGetId(Object(Illuminate\Database\Query\Builder), 'insert into "po...', Array, 'id')
#7 [internal function]: Illuminate\Database\Query\Builder->insertGetId(Array, 'id')
#8 F:\wwwroot\tie.com\tie\vendor\laravel\framework\src\Illuminate\Database\Eloquent\Builder.php(1015): call_user_func_array(Array, Array)
#9 F:\wwwroot\tie.com\tie\vendor\laravel\framework\src\Illuminate\Database\Eloquent\Model.php(1592): Illuminate\Database\Eloquent\Builder->__call('insertGetId', Array)
#10 F:\wwwroot\tie.com\tie\vendor\laravel\framework\src\Illuminate\Database\Eloquent\Model.php(1561): Illuminate\Database\Eloquent\Model->insertAndSetId(Object(Illuminate\Database\Eloquent\Builder), Array)
#11 F:\wwwroot\tie.com\tie\vendor\laravel\framework\src\Illuminate\Database\Eloquent\Model.php(1452): Illuminate\Database\Eloquent\Model->performInsert(Object(Illuminate\Database\Eloquent\Builder), Array)
#12 F:\wwwroot\tie.com\tie\vendor\laravel\framework\src\Illuminate\Database\Eloquent\Model.php(546): Illuminate\Database\Eloquent\Model->save()
#13 F:\wwwroot\tie.com\tie\app\Http\Controllers\PostController.php(126): Illuminate\Database\Eloquent\Model::create(Array)
#14 [internal function]: App\Http\Controllers\PostController->storePost(Object(Illuminate\Http\Request))
#15 F:\wwwroot\tie.com\tie\vendor\laravel\framework\src\Illuminate\Routing\Controller.php(256): call_user_func_array(Array, Array)
#16 F:\wwwroot\tie.com\tie\vendor\laravel\framework\src\Illuminate\Routing\ControllerDispatcher.php(164): Illuminate\Routing\Controller->callAction('storePost', Array)
#17 F:\wwwroot\tie.com\tie\vendor\laravel\framework\src\Illuminate\Routing\ControllerDispatcher.php(112): Illuminate\Routing\ControllerDispatcher->call(Object(App\Http\Controllers\PostController), Object(Illuminate\Routing\Route), 'storePost')
#18 [internal function]: Illuminate\Routing\ControllerDispatcher->Illuminate\Routing\{closure}(Object(Illuminate\Http\Request))
#19 F:\wwwroot\tie.com\tie\vendor\laravel\framework\src\Illuminate\Pipeline\Pipeline.php(139): call_user_func(Object(Closure), Object(Illuminate\Http\Request))
#20 [internal function]: Illuminate\Pipeline\Pipeline->Illuminate\Pipeline\{closure}(Object(Illuminate\Http\Request))
#21 F:\wwwroot\tie.com\tie\vendor\laravel\framework\src\Illuminate\Pipeline\Pipeline.php(102): call_user_func(Object(Closure), Object(Illuminate\Http\Request))
#22 F:\wwwroot\tie.com\tie\vendor\laravel\framework\src\Illuminate\Routing\ControllerDispatcher.php(114): Illuminate\Pipeline\Pipeline->then(Object(Closure))
#23 F:\wwwroot\tie.com\tie\vendor\laravel\framework\src\Illuminate\Routing\ControllerDispatcher.php(68): Illuminate\Routing\ControllerDispatcher->callWithinStack(Object(App\Http\Controllers\PostController), Object(Illuminate\Routing\Route), Object(Illuminate\Http\Request), 'storePost')
#24 F:\wwwroot\tie.com\tie\vendor\laravel\framework\src\Illuminate\Routing\Route.php(203): Illuminate\Routing\ControllerDispatcher->dispatch(Object(Illuminate\Routing\Route), Object(Illuminate\Http\Request), 'App\\Http\\Contro...', 'storePost')
#25 F:\wwwroot\tie.com\tie\vendor\laravel\framework\src\Illuminate\Routing\Route.php(134): Illuminate\Routing\Route->runWithCustomDispatcher(Object(Illuminate\Http\Request))
#26 F:\wwwroot\tie.com\tie\vendor\laravel\framework\src\Illuminate\Routing\Router.php(708): Illuminate\Routing\Route->run(Object(Illuminate\Http\Request))
#27 [internal function]: Illuminate\Routing\Router->Illuminate\Routing\{closure}(Object(Illuminate\Http\Request))
#28 F:\wwwroot\tie.com\tie\vendor\laravel\framework\src\Illuminate\Pipeline\Pipeline.php(139): call_user_func(Object(Closure), Object(Illuminate\Http\Request))
#29 F:\wwwroot\tie.com\tie\app\Http\Middleware\Authenticate.php(45): Illuminate\Pipeline\Pipeline->Illuminate\Pipeline\{closure}(Object(Illuminate\Http\Request))
#30 [internal function]: App\Http\Middleware\Authenticate->handle(Object(Illuminate\Http\Request), Object(Closure))
#31 F:\wwwroot\tie.com\tie\vendor\laravel\framework\src\Illuminate\Pipeline\Pipeline.php(124): call_user_func_array(Array, Array)
#32 [internal function]: Illuminate\Pipeline\Pipeline->Illuminate\Pipeline\{closure}(Object(Illuminate\Http\Request))
#33 F:\wwwroot\tie.com\tie\vendor\laravel\framework\src\Illuminate\Pipeline\Pipeline.php(102): call_user_func(Object(Closure), Object(Illuminate\Http\Request))
#34 F:\wwwroot\tie.com\tie\vendor\laravel\framework\src\Illuminate\Routing\Router.php(710): Illuminate\Pipeline\Pipeline->then(Object(Closure))
#35 F:\wwwroot\tie.com\tie\vendor\laravel\framework\src\Illuminate\Routing\Router.php(674): Illuminate\Routing\Router->runRouteWithinStack(Object(Illuminate\Routing\Route), Object(Illuminate\Http\Request))
#36 F:\wwwroot\tie.com\tie\vendor\laravel\framework\src\Illuminate\Routing\Router.php(635): Illuminate\Routing\Router->dispatchToRoute(Object(Illuminate\Http\Request))
#37 F:\wwwroot\tie.com\tie\vendor\laravel\framework\src\Illuminate\Foundation\Http\Kernel.php(236): Illuminate\Routing\Router->dispatch(Object(Illuminate\Http\Request))
#38 [internal function]: Illuminate\Foundation\Http\Kernel->Illuminate\Foundation\Http\{closure}(Object(Illuminate\Http\Request))
#39 F:\wwwroot\tie.com\tie\vendor\laravel\framework\src\Illuminate\Pipeline\Pipeline.php(139): call_user_func(Object(Closure), Object(Illuminate\Http\Request))
#40 F:\wwwroot\tie.com\tie\vendor\laravel\framework\src\Illuminate\Foundation\Http\Middleware\VerifyCsrfToken.php(50): Illuminate\Pipeline\Pipeline->Illuminate\Pipeline\{closure}(Object(Illuminate\Http\Request))
#41 [internal function]: Illuminate\Foundation\Http\Middleware\VerifyCsrfToken->handle(Object(Illuminate\Http\Request), Object(Closure))
#42 F:\wwwroot\tie.com\tie\vendor\laravel\framework\src\Illuminate\Pipeline\Pipeline.php(124): call_user_func_array(Array, Array)
#43 F:\wwwroot\tie.com\tie\vendor\laravel\framework\src\Illuminate\View\Middleware\ShareErrorsFromSession.php(49): Illuminate\Pipeline\Pipeline->Illuminate\Pipeline\{closure}(Object(Illuminate\Http\Request))
#44 [internal function]: Illuminate\View\Middleware\ShareErrorsFromSession->handle(Object(Illuminate\Http\Request), Object(Closure))
#45 F:\wwwroot\tie.com\tie\vendor\laravel\framework\src\Illuminate\Pipeline\Pipeline.php(124): call_user_func_array(Array, Array)
#46 F:\wwwroot\tie.com\tie\vendor\laravel\framework\src\Illuminate\Session\Middleware\StartSession.php(62): Illuminate\Pipeline\Pipeline->Illuminate\Pipeline\{closure}(Object(Illuminate\Http\Request))
#47 [internal function]: Illuminate\Session\Middleware\StartSession->handle(Object(Illuminate\Http\Request), Object(Closure))
#48 F:\wwwroot\tie.com\tie\vendor\laravel\framework\src\Illuminate\Pipeline\Pipeline.php(124): call_user_func_array(Array, Array)
#49 F:\wwwroot\tie.com\tie\vendor\laravel\framework\src\Illuminate\Cookie\Middleware\AddQueuedCookiesToResponse.php(37): Illuminate\Pipeline\Pipeline->Illuminate\Pipeline\{closure}(Object(Illuminate\Http\Request))
#50 [internal function]: Illuminate\Cookie\Middleware\AddQueuedCookiesToResponse->handle(Object(Illuminate\Http\Request), Object(Closure))
#51 F:\wwwroot\tie.com\tie\vendor\laravel\framework\src\Illuminate\Pipeline\Pipeline.php(124): call_user_func_array(Array, Array)
#52 F:\wwwroot\tie.com\tie\vendor\laravel\framework\src\Illuminate\Cookie\Middleware\EncryptCookies.php(59): Illuminate\Pipeline\Pipeline->Illuminate\Pipeline\{closure}(Object(Illuminate\Http\Request))
#53 [internal function]: Illuminate\Cookie\Middleware\EncryptCookies->handle(Object(Illuminate\Http\Request), Object(Closure))
#54 F:\wwwroot\tie.com\tie\vendor\laravel\framework\src\Illuminate\Pipeline\Pipeline.php(124): call_user_func_array(Array, Array)
#55 F:\wwwroot\tie.com\tie\vendor\laravel\framework\src\Illuminate\Foundation\Http\Middleware\CheckForMaintenanceMode.php(44): Illuminate\Pipeline\Pipeline->Illuminate\Pipeline\{closure}(Object(Illuminate\Http\Request))
#56 [internal function]: Illuminate\Foundation\Http\Middleware\CheckForMaintenanceMode->handle(Object(Illuminate\Http\Request), Object(Closure))
#57 F:\wwwroot\tie.com\tie\vendor\laravel\framework\src\Illuminate\Pipeline\Pipeline.php(124): call_user_func_array(Array, Array)
#58 [internal function]: Illuminate\Pipeline\Pipeline->Illuminate\Pipeline\{closure}(Object(Illuminate\Http\Request))
#59 F:\wwwroot\tie.com\tie\vendor\laravel\framework\src\Illuminate\Pipeline\Pipeline.php(102): call_user_func(Object(Closure), Object(Illuminate\Http\Request))
#60 F:\wwwroot\tie.com\tie\vendor\laravel\framework\src\Illuminate\Foundation\Http\Kernel.php(122): Illuminate\Pipeline\Pipeline->then(Object(Closure))
#61 F:\wwwroot\tie.com\tie\vendor\laravel\framework\src\Illuminate\Foundation\Http\Kernel.php(87): Illuminate\Foundation\Http\Kernel->sendRequestThroughRouter(Object(Illuminate\Http\Request))
#62 F:\wwwroot\tie.com\tie\public\index.php(53): Illuminate\Foundation\Http\Kernel->handle(Object(Illuminate\Http\Request))
#63 {main}

Next Illuminate\Database\QueryException: SQLSTATE[HY000]: General error: 1 table posts has no column named s (SQL: insert into "posts" ("title", "content", "forum_id", "s", "user_id", "sort_id", "can_comment", "updated_at", "created_at") values (sad, asd, 1, //api/post/addpost, 5, 1, true, 2018-11-26 09:11:43, 2018-11-26 09:11:43)) in F:\wwwroot\tie.com\tie\vendor\laravel\framework\src\Illuminate\Database\Connection.php:666
Stack trace:
#0 F:\wwwroot\tie.com\tie\vendor\laravel\framework\src\Illuminate\Database\Connection.php(622): Illuminate\Database\Connection->runQueryCallback('insert into "po...', Array, Object(Closure))
#1 F:\wwwroot\tie.com\tie\vendor\laravel\framework\src\Illuminate\Database\Connection.php(391): Illuminate\Database\Connection->run('insert into "po...', Array, Object(Closure))
#2 F:\wwwroot\tie.com\tie\vendor\laravel\framework\src\Illuminate\Database\Connection.php(347): Illuminate\Database\Connection->statement('insert into "po...', Array)
#3 F:\wwwroot\tie.com\tie\vendor\laravel\framework\src\Illuminate\Database\Query\Processors\Processor.php(32): Illuminate\Database\Connection->insert('insert into "po...', Array)
#4 F:\wwwroot\tie.com\tie\vendor\laravel\framework\src\Illuminate\Database\Query\Builder.php(1843): Illuminate\Database\Query\Processors\Processor->processInsertGetId(Object(Illuminate\Database\Query\Builder), 'insert into "po...', Array, 'id')
#5 [internal function]: Illuminate\Database\Query\Builder->insertGetId(Array, 'id')
#6 F:\wwwroot\tie.com\tie\vendor\laravel\framework\src\Illuminate\Database\Eloquent\Builder.php(1015): call_user_func_array(Array, Array)
#7 F:\wwwroot\tie.com\tie\vendor\laravel\framework\src\Illuminate\Database\Eloquent\Model.php(1592): Illuminate\Database\Eloquent\Builder->__call('insertGetId', Array)
#8 F:\wwwroot\tie.com\tie\vendor\laravel\framework\src\Illuminate\Database\Eloquent\Model.php(1561): Illuminate\Database\Eloquent\Model->insertAndSetId(Object(Illuminate\Database\Eloquent\Builder), Array)
#9 F:\wwwroot\tie.com\tie\vendor\laravel\framework\src\Illuminate\Database\Eloquent\Model.php(1452): Illuminate\Database\Eloquent\Model->performInsert(Object(Illuminate\Database\Eloquent\Builder), Array)
#10 F:\wwwroot\tie.com\tie\vendor\laravel\framework\src\Illuminate\Database\Eloquent\Model.php(546): Illuminate\Database\Eloquent\Model->save()
#11 F:\wwwroot\tie.com\tie\app\Http\Controllers\PostController.php(126): Illuminate\Database\Eloquent\Model::create(Array)
#12 [internal function]: App\Http\Controllers\PostController->storePost(Object(Illuminate\Http\Request))
#13 F:\wwwroot\tie.com\tie\vendor\laravel\framework\src\Illuminate\Routing\Controller.php(256): call_user_func_array(Array, Array)
#14 F:\wwwroot\tie.com\tie\vendor\laravel\framework\src\Illuminate\Routing\ControllerDispatcher.php(164): Illuminate\Routing\Controller->callAction('storePost', Array)
#15 F:\wwwroot\tie.com\tie\vendor\laravel\framework\src\Illuminate\Routing\ControllerDispatcher.php(112): Illuminate\Routing\ControllerDispatcher->call(Object(App\Http\Controllers\PostController), Object(Illuminate\Routing\Route), 'storePost')
#16 [internal function]: Illuminate\Routing\ControllerDispatcher->Illuminate\Routing\{closure}(Object(Illuminate\Http\Request))
#17 F:\wwwroot\tie.com\tie\vendor\laravel\framework\src\Illuminate\Pipeline\Pipeline.php(139): call_user_func(Object(Closure), Object(Illuminate\Http\Request))
#18 [internal function]: Illuminate\Pipeline\Pipeline->Illuminate\Pipeline\{closure}(Object(Illuminate\Http\Request))
#19 F:\wwwroot\tie.com\tie\vendor\laravel\framework\src\Illuminate\Pipeline\Pipeline.php(102): call_user_func(Object(Closure), Object(Illuminate\Http\Request))
#20 F:\wwwroot\tie.com\tie\vendor\laravel\framework\src\Illuminate\Routing\ControllerDispatcher.php(114): Illuminate\Pipeline\Pipeline->then(Object(Closure))
#21 F:\wwwroot\tie.com\tie\vendor\laravel\framework\src\Illuminate\Routing\ControllerDispatcher.php(68): Illuminate\Routing\ControllerDispatcher->callWithinStack(Object(App\Http\Controllers\PostController), Object(Illuminate\Routing\Route), Object(Illuminate\Http\Request), 'storePost')
#22 F:\wwwroot\tie.com\tie\vendor\laravel\framework\src\Illuminate\Routing\Route.php(203): Illuminate\Routing\ControllerDispatcher->dispatch(Object(Illuminate\Routing\Route), Object(Illuminate\Http\Request), 'App\\Http\\Contro...', 'storePost')
#23 F:\wwwroot\tie.com\tie\vendor\laravel\framework\src\Illuminate\Routing\Route.php(134): Illuminate\Routing\Route->runWithCustomDispatcher(Object(Illuminate\Http\Request))
#24 F:\wwwroot\tie.com\tie\vendor\laravel\framework\src\Illuminate\Routing\Router.php(708): Illuminate\Routing\Route->run(Object(Illuminate\Http\Request))
#25 [internal function]: Illuminate\Routing\Router->Illuminate\Routing\{closure}(Object(Illuminate\Http\Request))
#26 F:\wwwroot\tie.com\tie\vendor\laravel\framework\src\Illuminate\Pipeline\Pipeline.php(139): call_user_func(Object(Closure), Object(Illuminate\Http\Request))
#27 F:\wwwroot\tie.com\tie\app\Http\Middleware\Authenticate.php(45): Illuminate\Pipeline\Pipeline->Illuminate\Pipeline\{closure}(Object(Illuminate\Http\Request))
#28 [internal function]: App\Http\Middleware\Authenticate->handle(Object(Illuminate\Http\Request), Object(Closure))
#29 F:\wwwroot\tie.com\tie\vendor\laravel\framework\src\Illuminate\Pipeline\Pipeline.php(124): call_user_func_array(Array, Array)
#30 [internal function]: Illuminate\Pipeline\Pipeline->Illuminate\Pipeline\{closure}(Object(Illuminate\Http\Request))
#31 F:\wwwroot\tie.com\tie\vendor\laravel\framework\src\Illuminate\Pipeline\Pipeline.php(102): call_user_func(Object(Closure), Object(Illuminate\Http\Request))
#32 F:\wwwroot\tie.com\tie\vendor\laravel\framework\src\Illuminate\Routing\Router.php(710): Illuminate\Pipeline\Pipeline->then(Object(Closure))
#33 F:\wwwroot\tie.com\tie\vendor\laravel\framework\src\Illuminate\Routing\Router.php(674): Illuminate\Routing\Router->runRouteWithinStack(Object(Illuminate\Routing\Route), Object(Illuminate\Http\Request))
#34 F:\wwwroot\tie.com\tie\vendor\laravel\framework\src\Illuminate\Routing\Router.php(635): Illuminate\Routing\Router->dispatchToRoute(Object(Illuminate\Http\Request))
#35 F:\wwwroot\tie.com\tie\vendor\laravel\framework\src\Illuminate\Foundation\Http\Kernel.php(236): Illuminate\Routing\Router->dispatch(Object(Illuminate\Http\Request))
#36 [internal function]: Illuminate\Foundation\Http\Kernel->Illuminate\Foundation\Http\{closure}(Object(Illuminate\Http\Request))
#37 F:\wwwroot\tie.com\tie\vendor\laravel\framework\src\Illuminate\Pipeline\Pipeline.php(139): call_user_func(Object(Closure), Object(Illuminate\Http\Request))
#38 F:\wwwroot\tie.com\tie\vendor\laravel\framework\src\Illuminate\Foundation\Http\Middleware\VerifyCsrfToken.php(50): Illuminate\Pipeline\Pipeline->Illuminate\Pipeline\{closure}(Object(Illuminate\Http\Request))
#39 [internal function]: Illuminate\Foundation\Http\Middleware\VerifyCsrfToken->handle(Object(Illuminate\Http\Request), Object(Closure))
#40 F:\wwwroot\tie.com\tie\vendor\laravel\framework\src\Illuminate\Pipeline\Pipeline.php(124): call_user_func_array(Array, Array)
#41 F:\wwwroot\tie.com\tie\vendor\laravel\framework\src\Illuminate\View\Middleware\ShareErrorsFromSession.php(49): Illuminate\Pipeline\Pipeline->Illuminate\Pipeline\{closure}(Object(Illuminate\Http\Request))
#42 [internal function]: Illuminate\View\Middleware\ShareErrorsFromSession->handle(Object(Illuminate\Http\Request), Object(Closure))
#43 F:\wwwroot\tie.com\tie\vendor\laravel\framework\src\Illuminate\Pipeline\Pipeline.php(124): call_user_func_array(Array, Array)
#44 F:\wwwroot\tie.com\tie\vendor\laravel\framework\src\Illuminate\Session\Middleware\StartSession.php(62): Illuminate\Pipeline\Pipeline->Illuminate\Pipeline\{closure}(Object(Illuminate\Http\Request))
#45 [internal function]: Illuminate\Session\Middleware\StartSession->handle(Object(Illuminate\Http\Request), Object(Closure))
#46 F:\wwwroot\tie.com\tie\vendor\laravel\framework\src\Illuminate\Pipeline\Pipeline.php(124): call_user_func_array(Array, Array)
#47 F:\wwwroot\tie.com\tie\vendor\laravel\framework\src\Illuminate\Cookie\Middleware\AddQueuedCookiesToResponse.php(37): Illuminate\Pipeline\Pipeline->Illuminate\Pipeline\{closure}(Object(Illuminate\Http\Request))
#48 [internal function]: Illuminate\Cookie\Middleware\AddQueuedCookiesToResponse->handle(Object(Illuminate\Http\Request), Object(Closure))
#49 F:\wwwroot\tie.com\tie\vendor\laravel\framework\src\Illuminate\Pipeline\Pipeline.php(124): call_user_func_array(Array, Array)
#50 F:\wwwroot\tie.com\tie\vendor\laravel\framework\src\Illuminate\Cookie\Middleware\EncryptCookies.php(59): Illuminate\Pipeline\Pipeline->Illuminate\Pipeline\{closure}(Object(Illuminate\Http\Request))
#51 [internal function]: Illuminate\Cookie\Middleware\EncryptCookies->handle(Object(Illuminate\Http\Request), Object(Closure))
#52 F:\wwwroot\tie.com\tie\vendor\laravel\framework\src\Illuminate\Pipeline\Pipeline.php(124): call_user_func_array(Array, Array)
#53 F:\wwwroot\tie.com\tie\vendor\laravel\framework\src\Illuminate\Foundation\Http\Middleware\CheckForMaintenanceMode.php(44): Illuminate\Pipeline\Pipeline->Illuminate\Pipeline\{closure}(Object(Illuminate\Http\Request))
#54 [internal function]: Illuminate\Foundation\Http\Middleware\CheckForMaintenanceMode->handle(Object(Illuminate\Http\Request), Object(Closure))
#55 F:\wwwroot\tie.com\tie\vendor\laravel\framework\src\Illuminate\Pipeline\Pipeline.php(124): call_user_func_array(Array, Array)
#56 [internal function]: Illuminate\Pipeline\Pipeline->Illuminate\Pipeline\{closure}(Object(Illuminate\Http\Request))
#57 F:\wwwroot\tie.com\tie\vendor\laravel\framework\src\Illuminate\Pipeline\Pipeline.php(102): call_user_func(Object(Closure), Object(Illuminate\Http\Request))
#58 F:\wwwroot\tie.com\tie\vendor\laravel\framework\src\Illuminate\Foundation\Http\Kernel.php(122): Illuminate\Pipeline\Pipeline->then(Object(Closure))
#59 F:\wwwroot\tie.com\tie\vendor\laravel\framework\src\Illuminate\Foundation\Http\Kernel.php(87): Illuminate\Foundation\Http\Kernel->sendRequestThroughRouter(Object(Illuminate\Http\Request))
#60 F:\wwwroot\tie.com\tie\public\index.php(53): Illuminate\Foundation\Http\Kernel->handle(Object(Illuminate\Http\Request))
#61 {main}  
